[0.569s] Invoking command in '/home/aaditya/Intro-to-robotics/ass1/ros2_ws/build/simmulator': PYTHONPATH=/home/aaditya/Intro-to-robotics/ass1/ros2_ws/build/simmulator/prefix_override:/usr/lib/python3/dist-packages/colcon_core/task/python/colcon_distutils_commands:/home/aaditya/Intro-to-robotics/ass1/ros2_ws/install/simmulator/lib/python3.10/site-packages:${PYTHONPATH} /usr/bin/python3 -W ignore:setup.py install is deprecated setup.py develop --editable --build-directory /home/aaditya/Intro-to-robotics/ass1/ros2_ws/build/simmulator/build --no-deps symlink_data
[0.797s] running develop
[0.797s] /usr/lib/python3/dist-packages/setuptools/command/easy_install.py:158: EasyInstallDeprecationWarning: easy_install command is deprecated. Use build and pip and other standards-based tools.
[0.797s]   warnings.warn(
[0.903s] running egg_info
[0.903s] writing simmulator.egg-info/PKG-INFO
[0.904s] writing dependency_links to simmulator.egg-info/dependency_links.txt
[0.904s] writing entry points to simmulator.egg-info/entry_points.txt
[0.904s] writing requirements to simmulator.egg-info/requires.txt
[0.904s] writing top-level names to simmulator.egg-info/top_level.txt
[0.906s] reading manifest file 'simmulator.egg-info/SOURCES.txt'
[0.907s] writing manifest file 'simmulator.egg-info/SOURCES.txt'
[0.909s] running build_ext
[0.909s] Creating /home/aaditya/Intro-to-robotics/ass1/ros2_ws/install/simmulator/lib/python3.10/site-packages/simmulator.egg-link (link to .)
[0.909s] 
[0.909s] Installed /home/aaditya/Intro-to-robotics/ass1/ros2_ws/build/simmulator
[0.910s] running symlink_data
[0.911s] symbolically linking /home/aaditya/Intro-to-robotics/ass1/ros2_ws/build/simmulator/meshes/iiwa7/visual/link_5.stl -> /home/aaditya/Intro-to-robotics/ass1/ros2_ws/install/simmulator/share/simmulator/meshes
[0.911s] error: [Errno 17] File exists: '/home/aaditya/Intro-to-robotics/ass1/ros2_ws/build/simmulator/meshes/iiwa7/visual/link_5.stl' -> '/home/aaditya/Intro-to-robotics/ass1/ros2_ws/install/simmulator/share/simmulator/meshes/link_5.stl'
[0.951s] Invoked command in '/home/aaditya/Intro-to-robotics/ass1/ros2_ws/build/simmulator' returned '1': PYTHONPATH=/home/aaditya/Intro-to-robotics/ass1/ros2_ws/build/simmulator/prefix_override:/usr/lib/python3/dist-packages/colcon_core/task/python/colcon_distutils_commands:/home/aaditya/Intro-to-robotics/ass1/ros2_ws/install/simmulator/lib/python3.10/site-packages:${PYTHONPATH} /usr/bin/python3 -W ignore:setup.py install is deprecated setup.py develop --editable --build-directory /home/aaditya/Intro-to-robotics/ass1/ros2_ws/build/simmulator/build --no-deps symlink_data
