[0.598s] Invoking command in '/home/aaditya/Intro-to-robotics/ass1/ros2_ws/build/simmulator': PYTHONPATH=/home/aaditya/Intro-to-robotics/ass1/ros2_ws/build/simmulator/prefix_override:/usr/lib/python3/dist-packages/colcon_core/task/python/colcon_distutils_commands:/home/aaditya/Intro-to-robotics/ass1/ros2_ws/install/simmulator/lib/python3.10/site-packages:${PYTHONPATH} /usr/bin/python3 -W ignore:setup.py install is deprecated setup.py develop --editable --build-directory /home/aaditya/Intro-to-robotics/ass1/ros2_ws/build/simmulator/build --no-deps symlink_data
[0.815s] running develop
[0.815s] /usr/lib/python3/dist-packages/setuptools/command/easy_install.py:158: EasyInstallDeprecationWarning: easy_install command is deprecated. Use build and pip and other standards-based tools.
[0.815s]   warnings.warn(
[0.939s] running egg_info
[0.939s] writing simmulator.egg-info/PKG-INFO
[0.939s] writing dependency_links to simmulator.egg-info/dependency_links.txt
[0.939s] writing entry points to simmulator.egg-info/entry_points.txt
[0.940s] writing requirements to simmulator.egg-info/requires.txt
[0.940s] writing top-level names to simmulator.egg-info/top_level.txt
[0.941s] reading manifest file 'simmulator.egg-info/SOURCES.txt'
[0.944s] writing manifest file 'simmulator.egg-info/SOURCES.txt'
[0.946s] running build_ext
[0.947s] Creating /home/aaditya/Intro-to-robotics/ass1/ros2_ws/install/simmulator/lib/python3.10/site-packages/simmulator.egg-link (link to .)
[0.949s] 
[0.949s] Installed /home/aaditya/Intro-to-robotics/ass1/ros2_ws/build/simmulator
[0.949s] running symlink_data
[0.950s] creating /home/aaditya/Intro-to-robotics/ass1/ros2_ws/install/simmulator/share/simmulator/meshes/iiwa7
[0.950s] creating /home/aaditya/Intro-to-robotics/ass1/ros2_ws/install/simmulator/share/simmulator/meshes/iiwa7/collision
[0.951s] symbolically linking /home/aaditya/Intro-to-robotics/ass1/ros2_ws/build/simmulator/meshes/iiwa7/collision/link_2.stl -> /home/aaditya/Intro-to-robotics/ass1/ros2_ws/install/simmulator/share/simmulator/meshes/iiwa7/collision
[0.952s] symbolically linking /home/aaditya/Intro-to-robotics/ass1/ros2_ws/build/simmulator/meshes/iiwa7/collision/link_0.stl -> /home/aaditya/Intro-to-robotics/ass1/ros2_ws/install/simmulator/share/simmulator/meshes/iiwa7/collision
[0.952s] symbolically linking /home/aaditya/Intro-to-robotics/ass1/ros2_ws/build/simmulator/meshes/iiwa7/collision/link_5.stl -> /home/aaditya/Intro-to-robotics/ass1/ros2_ws/install/simmulator/share/simmulator/meshes/iiwa7/collision
[0.953s] symbolically linking /home/aaditya/Intro-to-robotics/ass1/ros2_ws/build/simmulator/meshes/iiwa7/collision/link_3.stl -> /home/aaditya/Intro-to-robotics/ass1/ros2_ws/install/simmulator/share/simmulator/meshes/iiwa7/collision
[0.953s] symbolically linking /home/aaditya/Intro-to-robotics/ass1/ros2_ws/build/simmulator/meshes/iiwa7/collision/link_6.stl -> /home/aaditya/Intro-to-robotics/ass1/ros2_ws/install/simmulator/share/simmulator/meshes/iiwa7/collision
[0.954s] symbolically linking /home/aaditya/Intro-to-robotics/ass1/ros2_ws/build/simmulator/meshes/iiwa7/collision/link_1.stl -> /home/aaditya/Intro-to-robotics/ass1/ros2_ws/install/simmulator/share/simmulator/meshes/iiwa7/collision
[0.954s] symbolically linking /home/aaditya/Intro-to-robotics/ass1/ros2_ws/build/simmulator/meshes/iiwa7/collision/link_7.stl -> /home/aaditya/Intro-to-robotics/ass1/ros2_ws/install/simmulator/share/simmulator/meshes/iiwa7/collision
[0.955s] symbolically linking /home/aaditya/Intro-to-robotics/ass1/ros2_ws/build/simmulator/meshes/iiwa7/collision/link_4.stl -> /home/aaditya/Intro-to-robotics/ass1/ros2_ws/install/simmulator/share/simmulator/meshes/iiwa7/collision
[0.955s] creating /home/aaditya/Intro-to-robotics/ass1/ros2_ws/install/simmulator/share/simmulator/meshes/iiwa7/visual
[0.956s] symbolically linking /home/aaditya/Intro-to-robotics/ass1/ros2_ws/build/simmulator/meshes/iiwa7/visual/link_2.stl -> /home/aaditya/Intro-to-robotics/ass1/ros2_ws/install/simmulator/share/simmulator/meshes/iiwa7/visual
[0.956s] symbolically linking /home/aaditya/Intro-to-robotics/ass1/ros2_ws/build/simmulator/meshes/iiwa7/visual/link_0.stl -> /home/aaditya/Intro-to-robotics/ass1/ros2_ws/install/simmulator/share/simmulator/meshes/iiwa7/visual
[0.957s] symbolically linking /home/aaditya/Intro-to-robotics/ass1/ros2_ws/build/simmulator/meshes/iiwa7/visual/link_5.stl -> /home/aaditya/Intro-to-robotics/ass1/ros2_ws/install/simmulator/share/simmulator/meshes/iiwa7/visual
[0.957s] symbolically linking /home/aaditya/Intro-to-robotics/ass1/ros2_ws/build/simmulator/meshes/iiwa7/visual/link_3.stl -> /home/aaditya/Intro-to-robotics/ass1/ros2_ws/install/simmulator/share/simmulator/meshes/iiwa7/visual
[0.961s] symbolically linking /home/aaditya/Intro-to-robotics/ass1/ros2_ws/build/simmulator/meshes/iiwa7/visual/link_6.stl -> /home/aaditya/Intro-to-robotics/ass1/ros2_ws/install/simmulator/share/simmulator/meshes/iiwa7/visual
[0.961s] symbolically linking /home/aaditya/Intro-to-robotics/ass1/ros2_ws/build/simmulator/meshes/iiwa7/visual/link_1.stl -> /home/aaditya/Intro-to-robotics/ass1/ros2_ws/install/simmulator/share/simmulator/meshes/iiwa7/visual
[0.961s] symbolically linking /home/aaditya/Intro-to-robotics/ass1/ros2_ws/build/simmulator/meshes/iiwa7/visual/link_7.stl -> /home/aaditya/Intro-to-robotics/ass1/ros2_ws/install/simmulator/share/simmulator/meshes/iiwa7/visual
[0.961s] symbolically linking /home/aaditya/Intro-to-robotics/ass1/ros2_ws/build/simmulator/meshes/iiwa7/visual/link_4.stl -> /home/aaditya/Intro-to-robotics/ass1/ros2_ws/install/simmulator/share/simmulator/meshes/iiwa7/visual
[0.993s] Invoked command in '/home/aaditya/Intro-to-robotics/ass1/ros2_ws/build/simmulator' returned '0': PYTHONPATH=/home/aaditya/Intro-to-robotics/ass1/ros2_ws/build/simmulator/prefix_override:/usr/lib/python3/dist-packages/colcon_core/task/python/colcon_distutils_commands:/home/aaditya/Intro-to-robotics/ass1/ros2_ws/install/simmulator/lib/python3.10/site-packages:${PYTHONPATH} /usr/bin/python3 -W ignore:setup.py install is deprecated setup.py develop --editable --build-directory /home/aaditya/Intro-to-robotics/ass1/ros2_ws/build/simmulator/build --no-deps symlink_data
