[0.469s] Invoking command in '/home/aaditya/Intro-to-robotics/publisher_assigmt/ros2_ws/build/r2workshop': PYTHONPATH=/home/aaditya/Intro-to-robotics/publisher_assigmt/ros2_ws/build/r2workshop/prefix_override:/usr/lib/python3/dist-packages/colcon_core/task/python/colcon_distutils_commands:/home/aaditya/Intro-to-robotics/publisher_assigmt/ros2_ws/install/r2workshop/lib/python3.10/site-packages:${PYTHONPATH} /usr/bin/python3 -W ignore:setup.py install is deprecated setup.py develop --editable --build-directory /home/aaditya/Intro-to-robotics/publisher_assigmt/ros2_ws/build/r2workshop/build --no-deps symlink_data
[0.661s] running develop
[0.661s] /usr/lib/python3/dist-packages/setuptools/command/easy_install.py:158: EasyInstallDeprecationWarning: easy_install command is deprecated. Use build and pip and other standards-based tools.
[0.661s]   warnings.warn(
[0.759s] running egg_info
[0.760s] writing r2workshop.egg-info/PKG-INFO
[0.760s] writing dependency_links to r2workshop.egg-info/dependency_links.txt
[0.760s] writing entry points to r2workshop.egg-info/entry_points.txt
[0.760s] writing requirements to r2workshop.egg-info/requires.txt
[0.760s] writing top-level names to r2workshop.egg-info/top_level.txt
[0.763s] reading manifest file 'r2workshop.egg-info/SOURCES.txt'
[0.763s] writing manifest file 'r2workshop.egg-info/SOURCES.txt'
[0.765s] running build_ext
[0.765s] Creating /home/aaditya/Intro-to-robotics/publisher_assigmt/ros2_ws/install/r2workshop/lib/python3.10/site-packages/r2workshop.egg-link (link to .)
[0.766s] Installing node1 script to /home/aaditya/Intro-to-robotics/publisher_assigmt/ros2_ws/install/r2workshop/lib/r2workshop
[0.766s] Installing node2 script to /home/aaditya/Intro-to-robotics/publisher_assigmt/ros2_ws/install/r2workshop/lib/r2workshop
[0.766s] 
[0.766s] Installed /home/aaditya/Intro-to-robotics/publisher_assigmt/ros2_ws/build/r2workshop
[0.766s] running symlink_data
[0.790s] Invoked command in '/home/aaditya/Intro-to-robotics/publisher_assigmt/ros2_ws/build/r2workshop' returned '0': PYTHONPATH=/home/aaditya/Intro-to-robotics/publisher_assigmt/ros2_ws/build/r2workshop/prefix_override:/usr/lib/python3/dist-packages/colcon_core/task/python/colcon_distutils_commands:/home/aaditya/Intro-to-robotics/publisher_assigmt/ros2_ws/install/r2workshop/lib/python3.10/site-packages:${PYTHONPATH} /usr/bin/python3 -W ignore:setup.py install is deprecated setup.py develop --editable --build-directory /home/aaditya/Intro-to-robotics/publisher_assigmt/ros2_ws/build/r2workshop/build --no-deps symlink_data
