[0.368s] DEBUG:colcon:Command line arguments: ['/usr/bin/colcon', 'build', '--symlink-install']
[0.368s] DEBUG:colcon:Parsed command line arguments: Namespace(log_base=None, log_level=None, verb_name='build', build_base='build', install_base='install', merge_install=False, symlink_install=True, test_result_base=None, continue_on_error=False, executor='parallel', parallel_workers=8, event_handlers=None, ignore_user_meta=False, metas=['./colcon.meta'], base_paths=['.'], packages_ignore=None, packages_ignore_regex=None, paths=None, packages_up_to=None, packages_up_to_regex=None, packages_above=None, packages_above_and_dependencies=None, packages_above_depth=None, packages_select_by_dep=None, packages_skip_by_dep=None, packages_skip_up_to=None, packages_select_build_failed=False, packages_skip_build_finished=False, packages_select_test_failures=False, packages_skip_test_passed=False, packages_select=None, packages_skip=None, packages_select_regex=None, packages_skip_regex=None, packages_start=None, packages_end=None, allow_overriding=[], cmake_args=None, cmake_target=None, cmake_target_skip_unavailable=False, cmake_clean_cache=False, cmake_clean_first=False, cmake_force_configure=False, ament_cmake_args=None, catkin_cmake_args=None, catkin_skip_building_tests=False, verb_parser=<colcon_defaults.argument_parser.defaults.DefaultArgumentsDecorator object at 0x7f5b8bf8b880>, verb_extension=<colcon_core.verb.build.BuildVerb object at 0x7f5b8c1b5030>, main=<bound method BuildVerb.main of <colcon_core.verb.build.BuildVerb object at 0x7f5b8c1b5030>>)
[0.765s] Level 1:colcon.colcon_core.package_discovery:discover_packages(colcon_meta) check parameters
[0.766s] Level 1:colcon.colcon_core.package_discovery:discover_packages(recursive) check parameters
[0.766s] Level 1:colcon.colcon_core.package_discovery:discover_packages(ignore) check parameters
[0.766s] Level 1:colcon.colcon_core.package_discovery:discover_packages(path) check parameters
[0.766s] Level 1:colcon.colcon_core.package_discovery:discover_packages(colcon_meta) discover
[0.766s] Level 1:colcon.colcon_core.package_discovery:discover_packages(recursive) discover
[0.766s] INFO:colcon.colcon_core.package_discovery:Crawling recursively for packages in '/home/aaditya/Intro-to-robotics/publisher_assigmt/ros2_ws'
[0.766s] Level 1:colcon.colcon_core.package_identification:_identify(.) by extensions ['ignore', 'ignore_ament_install']
[0.766s] Level 1:colcon.colcon_core.package_identification:_identify(.) by extension 'ignore'
[0.766s] Level 1:colcon.colcon_core.package_identification:_identify(.) by extension 'ignore_ament_install'
[0.766s] Level 1:colcon.colcon_core.package_identification:_identify(.) by extensions ['colcon_pkg']
[0.766s] Level 1:colcon.colcon_core.package_identification:_identify(.) by extension 'colcon_pkg'
[0.766s] Level 1:colcon.colcon_core.package_identification:_identify(.) by extensions ['colcon_meta']
[0.766s] Level 1:colcon.colcon_core.package_identification:_identify(.) by extension 'colcon_meta'
[0.766s] Level 1:colcon.colcon_core.package_identification:_identify(.) by extensions ['ros']
[0.766s] Level 1:colcon.colcon_core.package_identification:_identify(.) by extension 'ros'
[0.795s] Level 1:colcon.colcon_core.package_identification:_identify(.) by extensions ['cmake', 'python']
[0.795s] Level 1:colcon.colcon_core.package_identification:_identify(.) by extension 'cmake'
[0.795s] Level 1:colcon.colcon_core.package_identification:_identify(.) by extension 'python'
[0.795s] Level 1:colcon.colcon_core.package_identification:_identify(.) by extensions ['python_setup_py']
[0.795s] Level 1:colcon.colcon_core.package_identification:_identify(.) by extension 'python_setup_py'
[0.796s] Level 1:colcon.colcon_core.package_identification:_identify(build) by extensions ['ignore', 'ignore_ament_install']
[0.796s] Level 1:colcon.colcon_core.package_identification:_identify(build) by extension 'ignore'
[0.796s] Level 1:colcon.colcon_core.package_identification:_identify(build) ignored
[0.796s] Level 1:colcon.colcon_core.package_identification:_identify(install) by extensions ['ignore', 'ignore_ament_install']
[0.796s] Level 1:colcon.colcon_core.package_identification:_identify(install) by extension 'ignore'
[0.796s] Level 1:colcon.colcon_core.package_identification:_identify(install) ignored
[0.796s] Level 1:colcon.colcon_core.package_identification:_identify(log) by extensions ['ignore', 'ignore_ament_install']
[0.796s] Level 1:colcon.colcon_core.package_identification:_identify(log) by extension 'ignore'
[0.796s] Level 1:colcon.colcon_core.package_identification:_identify(log) ignored
[0.796s] Level 1:colcon.colcon_core.package_identification:_identify(src) by extensions ['ignore', 'ignore_ament_install']
[0.796s] Level 1:colcon.colcon_core.package_identification:_identify(src) by extension 'ignore'
[0.796s] Level 1:colcon.colcon_core.package_identification:_identify(src) by extension 'ignore_ament_install'
[0.796s] Level 1:colcon.colcon_core.package_identification:_identify(src) by extensions ['colcon_pkg']
[0.796s] Level 1:colcon.colcon_core.package_identification:_identify(src) by extension 'colcon_pkg'
[0.796s] Level 1:colcon.colcon_core.package_identification:_identify(src) by extensions ['colcon_meta']
[0.796s] Level 1:colcon.colcon_core.package_identification:_identify(src) by extension 'colcon_meta'
[0.796s] Level 1:colcon.colcon_core.package_identification:_identify(src) by extensions ['ros']
[0.796s] Level 1:colcon.colcon_core.package_identification:_identify(src) by extension 'ros'
[0.797s] Level 1:colcon.colcon_core.package_identification:_identify(src) by extensions ['cmake', 'python']
[0.797s] Level 1:colcon.colcon_core.package_identification:_identify(src) by extension 'cmake'
[0.797s] Level 1:colcon.colcon_core.package_identification:_identify(src) by extension 'python'
[0.797s] Level 1:colcon.colcon_core.package_identification:_identify(src) by extensions ['python_setup_py']
[0.797s] Level 1:colcon.colcon_core.package_identification:_identify(src) by extension 'python_setup_py'
[0.797s] Level 1:colcon.colcon_core.package_identification:_identify(src/r2workshop) by extensions ['ignore', 'ignore_ament_install']
[0.797s] Level 1:colcon.colcon_core.package_identification:_identify(src/r2workshop) by extension 'ignore'
[0.797s] Level 1:colcon.colcon_core.package_identification:_identify(src/r2workshop) by extension 'ignore_ament_install'
[0.797s] Level 1:colcon.colcon_core.package_identification:_identify(src/r2workshop) by extensions ['colcon_pkg']
[0.797s] Level 1:colcon.colcon_core.package_identification:_identify(src/r2workshop) by extension 'colcon_pkg'
[0.797s] Level 1:colcon.colcon_core.package_identification:_identify(src/r2workshop) by extensions ['colcon_meta']
[0.797s] Level 1:colcon.colcon_core.package_identification:_identify(src/r2workshop) by extension 'colcon_meta'
[0.797s] Level 1:colcon.colcon_core.package_identification:_identify(src/r2workshop) by extensions ['ros']
[0.797s] Level 1:colcon.colcon_core.package_identification:_identify(src/r2workshop) by extension 'ros'
[0.804s] DEBUG:colcon.colcon_core.package_identification:Package 'src/r2workshop' with type 'ros.ament_python' and name 'r2workshop'
[0.804s] Level 1:colcon.colcon_core.package_discovery:discover_packages(recursive) using defaults
[0.804s] Level 1:colcon.colcon_core.package_discovery:discover_packages(ignore) discover
[0.804s] Level 1:colcon.colcon_core.package_discovery:discover_packages(ignore) using defaults
[0.804s] Level 1:colcon.colcon_core.package_discovery:discover_packages(path) discover
[0.804s] Level 1:colcon.colcon_core.package_discovery:discover_packages(path) using defaults
[0.858s] Level 1:colcon.colcon_core.package_discovery:discover_packages(prefix_path) check parameters
[0.858s] Level 1:colcon.colcon_core.package_discovery:discover_packages(prefix_path) discover
[0.866s] DEBUG:colcon.colcon_installed_package_information.package_discovery:Found 1 installed packages in /home/aaditya/Intro-to-robotics/publisher_assigmt/ros2_ws/install
[0.867s] DEBUG:colcon.colcon_installed_package_information.package_discovery:Found 1 installed packages in /home/aaditya/Intro-to-robotics/ass3/ros2_ws_2/install
[0.867s] DEBUG:colcon.colcon_installed_package_information.package_discovery:Found 1 installed packages in /home/aaditya/Intro-to-robotics/ass1/ros2_ws/install
[0.868s] DEBUG:colcon.colcon_installed_package_information.package_discovery:Found 1 installed packages in /home/aaditya/ros2_ws/install
[0.870s] DEBUG:colcon.colcon_installed_package_information.package_discovery:Found 280 installed packages in /opt/ros/humble
[0.872s] Level 1:colcon.colcon_core.package_discovery:discover_packages(prefix_path) using defaults
[1.041s] Level 5:colcon.colcon_core.verb:set package 'r2workshop' build argument 'cmake_args' from command line to 'None'
[1.042s] Level 5:colcon.colcon_core.verb:set package 'r2workshop' build argument 'cmake_target' from command line to 'None'
[1.042s] Level 5:colcon.colcon_core.verb:set package 'r2workshop' build argument 'cmake_target_skip_unavailable' from command line to 'False'
[1.042s] Level 5:colcon.colcon_core.verb:set package 'r2workshop' build argument 'cmake_clean_cache' from command line to 'False'
[1.042s] Level 5:colcon.colcon_core.verb:set package 'r2workshop' build argument 'cmake_clean_first' from command line to 'False'
[1.042s] Level 5:colcon.colcon_core.verb:set package 'r2workshop' build argument 'cmake_force_configure' from command line to 'False'
[1.042s] Level 5:colcon.colcon_core.verb:set package 'r2workshop' build argument 'ament_cmake_args' from command line to 'None'
[1.042s] Level 5:colcon.colcon_core.verb:set package 'r2workshop' build argument 'catkin_cmake_args' from command line to 'None'
[1.042s] Level 5:colcon.colcon_core.verb:set package 'r2workshop' build argument 'catkin_skip_building_tests' from command line to 'False'
[1.042s] DEBUG:colcon.colcon_core.verb:Building package 'r2workshop' with the following arguments: {'ament_cmake_args': None, 'build_base': '/home/aaditya/Intro-to-robotics/publisher_assigmt/ros2_ws/build/r2workshop', 'catkin_cmake_args': None, 'catkin_skip_building_tests': False, 'cmake_args': None, 'cmake_clean_cache': False, 'cmake_clean_first': False, 'cmake_force_configure': False, 'cmake_target': None, 'cmake_target_skip_unavailable': False, 'install_base': '/home/aaditya/Intro-to-robotics/publisher_assigmt/ros2_ws/install/r2workshop', 'merge_install': False, 'path': '/home/aaditya/Intro-to-robotics/publisher_assigmt/ros2_ws/src/r2workshop', 'symlink_install': True, 'test_result_base': None}
[1.042s] INFO:colcon.colcon_core.executor:Executing jobs using 'parallel' executor
[1.043s] DEBUG:colcon.colcon_parallel_executor.executor.parallel:run_until_complete
[1.044s] INFO:colcon.colcon_ros.task.ament_python.build:Building ROS package in '/home/aaditya/Intro-to-robotics/publisher_assigmt/ros2_ws/src/r2workshop' with build type 'ament_python'
[1.044s] Level 1:colcon.colcon_core.shell:create_environment_hook('r2workshop', 'ament_prefix_path')
[1.064s] INFO:colcon.colcon_core.plugin_system:Skipping extension 'colcon_core.shell.bat': Not used on non-Windows systems
[1.064s] INFO:colcon.colcon_core.shell:Creating environment hook '/home/aaditya/Intro-to-robotics/publisher_assigmt/ros2_ws/install/r2workshop/share/r2workshop/hook/ament_prefix_path.ps1'
[1.065s] INFO:colcon.colcon_core.shell:Creating environment descriptor '/home/aaditya/Intro-to-robotics/publisher_assigmt/ros2_ws/install/r2workshop/share/r2workshop/hook/ament_prefix_path.dsv'
[1.066s] INFO:colcon.colcon_core.shell:Creating environment hook '/home/aaditya/Intro-to-robotics/publisher_assigmt/ros2_ws/install/r2workshop/share/r2workshop/hook/ament_prefix_path.sh'
[1.068s] INFO:colcon.colcon_core.shell:Skip shell extension 'powershell' for command environment: Not usable outside of PowerShell
[1.068s] DEBUG:colcon.colcon_core.shell:Skip shell extension 'dsv' for command environment
[1.309s] INFO:colcon.colcon_core.task.python.build:Building Python package in '/home/aaditya/Intro-to-robotics/publisher_assigmt/ros2_ws/src/r2workshop'
[1.309s] INFO:colcon.colcon_core.shell:Skip shell extension 'powershell' for command environment: Not usable outside of PowerShell
[1.309s] DEBUG:colcon.colcon_core.shell:Skip shell extension 'dsv' for command environment
[2.332s] DEBUG:colcon.colcon_core.event_handler.log_command:Invoking command in '/home/aaditya/Intro-to-robotics/publisher_assigmt/ros2_ws/build/r2workshop': PYTHONPATH=/home/aaditya/Intro-to-robotics/publisher_assigmt/ros2_ws/build/r2workshop/prefix_override:/usr/lib/python3/dist-packages/colcon_core/task/python/colcon_distutils_commands:/home/aaditya/Intro-to-robotics/publisher_assigmt/ros2_ws/install/r2workshop/lib/python3.10/site-packages:${PYTHONPATH} /usr/bin/python3 -W ignore:setup.py install is deprecated setup.py develop --editable --build-directory /home/aaditya/Intro-to-robotics/publisher_assigmt/ros2_ws/build/r2workshop/build --no-deps symlink_data
[2.687s] Level 1:colcon.colcon_core.shell:create_environment_hook('r2workshop', 'pythonpath_develop')
[2.688s] INFO:colcon.colcon_core.shell:Creating environment hook '/home/aaditya/Intro-to-robotics/publisher_assigmt/ros2_ws/build/r2workshop/share/r2workshop/hook/pythonpath_develop.ps1'
[2.689s] DEBUG:colcon.colcon_core.event_handler.log_command:Invoked command in '/home/aaditya/Intro-to-robotics/publisher_assigmt/ros2_ws/build/r2workshop' returned '0': PYTHONPATH=/home/aaditya/Intro-to-robotics/publisher_assigmt/ros2_ws/build/r2workshop/prefix_override:/usr/lib/python3/dist-packages/colcon_core/task/python/colcon_distutils_commands:/home/aaditya/Intro-to-robotics/publisher_assigmt/ros2_ws/install/r2workshop/lib/python3.10/site-packages:${PYTHONPATH} /usr/bin/python3 -W ignore:setup.py install is deprecated setup.py develop --editable --build-directory /home/aaditya/Intro-to-robotics/publisher_assigmt/ros2_ws/build/r2workshop/build --no-deps symlink_data
[2.689s] INFO:colcon.colcon_core.shell:Creating environment descriptor '/home/aaditya/Intro-to-robotics/publisher_assigmt/ros2_ws/build/r2workshop/share/r2workshop/hook/pythonpath_develop.dsv'
[2.689s] INFO:colcon.colcon_core.shell:Creating environment hook '/home/aaditya/Intro-to-robotics/publisher_assigmt/ros2_ws/build/r2workshop/share/r2workshop/hook/pythonpath_develop.sh'
[2.699s] Level 1:colcon.colcon_core.environment:checking '/home/aaditya/Intro-to-robotics/publisher_assigmt/ros2_ws/install/r2workshop' for CMake module files
[2.699s] Level 1:colcon.colcon_core.environment:checking '/home/aaditya/Intro-to-robotics/publisher_assigmt/ros2_ws/install/r2workshop' for CMake config files
[2.700s] Level 1:colcon.colcon_core.environment:checking '/home/aaditya/Intro-to-robotics/publisher_assigmt/ros2_ws/install/r2workshop/lib'
[2.700s] Level 1:colcon.colcon_core.environment:checking '/home/aaditya/Intro-to-robotics/publisher_assigmt/ros2_ws/install/r2workshop/bin'
[2.700s] Level 1:colcon.colcon_core.environment:checking '/home/aaditya/Intro-to-robotics/publisher_assigmt/ros2_ws/install/r2workshop/lib/pkgconfig/r2workshop.pc'
[2.700s] Level 1:colcon.colcon_core.environment:checking '/home/aaditya/Intro-to-robotics/publisher_assigmt/ros2_ws/install/r2workshop/lib/python3.10/site-packages'
[2.700s] Level 1:colcon.colcon_core.shell:create_environment_hook('r2workshop', 'pythonpath')
[2.701s] INFO:colcon.colcon_core.shell:Creating environment hook '/home/aaditya/Intro-to-robotics/publisher_assigmt/ros2_ws/install/r2workshop/share/r2workshop/hook/pythonpath.ps1'
[2.701s] INFO:colcon.colcon_core.shell:Creating environment descriptor '/home/aaditya/Intro-to-robotics/publisher_assigmt/ros2_ws/install/r2workshop/share/r2workshop/hook/pythonpath.dsv'
[2.701s] INFO:colcon.colcon_core.shell:Creating environment hook '/home/aaditya/Intro-to-robotics/publisher_assigmt/ros2_ws/install/r2workshop/share/r2workshop/hook/pythonpath.sh'
[2.702s] Level 1:colcon.colcon_core.environment:checking '/home/aaditya/Intro-to-robotics/publisher_assigmt/ros2_ws/install/r2workshop/bin'
[2.702s] Level 1:colcon.colcon_core.environment:create_environment_scripts_only(r2workshop)
[2.702s] INFO:colcon.colcon_core.shell:Creating package script '/home/aaditya/Intro-to-robotics/publisher_assigmt/ros2_ws/install/r2workshop/share/r2workshop/package.ps1'
[2.703s] INFO:colcon.colcon_core.shell:Creating package descriptor '/home/aaditya/Intro-to-robotics/publisher_assigmt/ros2_ws/install/r2workshop/share/r2workshop/package.dsv'
[2.704s] INFO:colcon.colcon_core.shell:Creating package script '/home/aaditya/Intro-to-robotics/publisher_assigmt/ros2_ws/install/r2workshop/share/r2workshop/package.sh'
[2.705s] INFO:colcon.colcon_core.shell:Creating package script '/home/aaditya/Intro-to-robotics/publisher_assigmt/ros2_ws/install/r2workshop/share/r2workshop/package.bash'
[2.705s] INFO:colcon.colcon_core.shell:Creating package script '/home/aaditya/Intro-to-robotics/publisher_assigmt/ros2_ws/install/r2workshop/share/r2workshop/package.zsh'
[2.706s] Level 1:colcon.colcon_core.environment:create_file_with_runtime_dependencies(/home/aaditya/Intro-to-robotics/publisher_assigmt/ros2_ws/install/r2workshop/share/colcon-core/packages/r2workshop)
[2.707s] DEBUG:colcon.colcon_parallel_executor.executor.parallel:closing loop
[2.707s] DEBUG:colcon.colcon_parallel_executor.executor.parallel:loop closed
[2.708s] DEBUG:colcon.colcon_parallel_executor.executor.parallel:run_until_complete finished with '0'
[2.708s] DEBUG:colcon.colcon_core.event_reactor:joining thread
[2.752s] INFO:colcon.colcon_core.plugin_system:Skipping extension 'colcon_notification.desktop_notification.notify_send': Could not find 'notify-send'
[2.752s] INFO:colcon.colcon_core.plugin_system:Skipping extension 'colcon_notification.desktop_notification.terminal_notifier': Not used on non-Darwin systems
[2.752s] INFO:colcon.colcon_core.plugin_system:Skipping extension 'colcon_notification.desktop_notification.win32': Not used on non-Windows systems
[2.752s] INFO:colcon.colcon_notification.desktop_notification:Sending desktop notification using 'notify2'
[2.757s] DEBUG:colcon.colcon_notification.desktop_notification.notify2:Failed to initialize notify2: org.freedesktop.DBus.Error.ServiceUnknown: The name org.freedesktop.Notifications was not provided by any .service files
[2.757s] DEBUG:colcon.colcon_core.event_reactor:joined thread
[2.757s] INFO:colcon.colcon_core.shell:Creating prefix script '/home/aaditya/Intro-to-robotics/publisher_assigmt/ros2_ws/install/local_setup.ps1'
[2.759s] INFO:colcon.colcon_core.shell:Creating prefix util module '/home/aaditya/Intro-to-robotics/publisher_assigmt/ros2_ws/install/_local_setup_util_ps1.py'
[2.760s] INFO:colcon.colcon_core.shell:Creating prefix chain script '/home/aaditya/Intro-to-robotics/publisher_assigmt/ros2_ws/install/setup.ps1'
[2.761s] INFO:colcon.colcon_core.shell:Creating prefix script '/home/aaditya/Intro-to-robotics/publisher_assigmt/ros2_ws/install/local_setup.sh'
[2.766s] INFO:colcon.colcon_core.shell:Creating prefix util module '/home/aaditya/Intro-to-robotics/publisher_assigmt/ros2_ws/install/_local_setup_util_sh.py'
[2.766s] INFO:colcon.colcon_core.shell:Creating prefix chain script '/home/aaditya/Intro-to-robotics/publisher_assigmt/ros2_ws/install/setup.sh'
[2.768s] INFO:colcon.colcon_core.shell:Creating prefix script '/home/aaditya/Intro-to-robotics/publisher_assigmt/ros2_ws/install/local_setup.bash'
[2.770s] INFO:colcon.colcon_core.shell:Creating prefix chain script '/home/aaditya/Intro-to-robotics/publisher_assigmt/ros2_ws/install/setup.bash'
[2.771s] INFO:colcon.colcon_core.shell:Creating prefix script '/home/aaditya/Intro-to-robotics/publisher_assigmt/ros2_ws/install/local_setup.zsh'
[2.773s] INFO:colcon.colcon_core.shell:Creating prefix chain script '/home/aaditya/Intro-to-robotics/publisher_assigmt/ros2_ws/install/setup.zsh'
