[0.613s] Invoking command in '/home/aaditya/Intro-to-robotics/ass1/ros2_ws/build/simmulator': PYTHONPATH=/home/aaditya/Intro-to-robotics/ass1/ros2_ws/build/simmulator/prefix_override:/usr/lib/python3/dist-packages/colcon_core/task/python/colcon_distutils_commands:/home/aaditya/Intro-to-robotics/ass1/ros2_ws/install/simmulator/lib/python3.10/site-packages:${PYTHONPATH} /usr/bin/python3 -W ignore:setup.py install is deprecated setup.py develop --editable --build-directory /home/aaditya/Intro-to-robotics/ass1/ros2_ws/build/simmulator/build --no-deps symlink_data
[0.838s] running develop
[0.838s] /usr/lib/python3/dist-packages/setuptools/command/easy_install.py:158: EasyInstallDeprecationWarning: easy_install command is deprecated. Use build and pip and other standards-based tools.
[0.838s]   warnings.warn(
[0.952s] running egg_info
[0.953s] writing simmulator.egg-info/PKG-INFO
[0.953s] writing dependency_links to simmulator.egg-info/dependency_links.txt
[0.953s] writing entry points to simmulator.egg-info/entry_points.txt
[0.953s] writing requirements to simmulator.egg-info/requires.txt
[0.954s] writing top-level names to simmulator.egg-info/top_level.txt
[0.956s] reading manifest file 'simmulator.egg-info/SOURCES.txt'
[0.957s] writing manifest file 'simmulator.egg-info/SOURCES.txt'
[0.959s] running build_ext
[0.959s] Creating /home/aaditya/Intro-to-robotics/ass1/ros2_ws/install/simmulator/lib/python3.10/site-packages/simmulator.egg-link (link to .)
[0.960s] 
[0.960s] Installed /home/aaditya/Intro-to-robotics/ass1/ros2_ws/build/simmulator
[0.960s] running symlink_data
[0.961s] creating /home/aaditya/Intro-to-robotics/ass1/ros2_ws/install/simmulator/share/simmulator/launch
[0.961s] symbolically linking /home/aaditya/Intro-to-robotics/ass1/ros2_ws/build/simmulator/launch/simm.launch.py -> /home/aaditya/Intro-to-robotics/ass1/ros2_ws/install/simmulator/share/simmulator/launch
[0.996s] Invoked command in '/home/aaditya/Intro-to-robotics/ass1/ros2_ws/build/simmulator' returned '0': PYTHONPATH=/home/aaditya/Intro-to-robotics/ass1/ros2_ws/build/simmulator/prefix_override:/usr/lib/python3/dist-packages/colcon_core/task/python/colcon_distutils_commands:/home/aaditya/Intro-to-robotics/ass1/ros2_ws/install/simmulator/lib/python3.10/site-packages:${PYTHONPATH} /usr/bin/python3 -W ignore:setup.py install is deprecated setup.py develop --editable --build-directory /home/aaditya/Intro-to-robotics/ass1/ros2_ws/build/simmulator/build --no-deps symlink_data
