[0.648s] Invoking command in '/home/aaditya/Intro-to-robotics/publisher_assigmt/ros2_ws/build/r2workshop': PYTHONPATH=/home/aaditya/Intro-to-robotics/publisher_assigmt/ros2_ws/build/r2workshop/prefix_override:/usr/lib/python3/dist-packages/colcon_core/task/python/colcon_distutils_commands:/home/aaditya/Intro-to-robotics/publisher_assigmt/ros2_ws/install/r2workshop/lib/python3.10/site-packages:${PYTHONPATH} /usr/bin/python3 -W ignore:setup.py install is deprecated setup.py develop --editable --build-directory /home/aaditya/Intro-to-robotics/publisher_assigmt/ros2_ws/build/r2workshop/build --no-deps symlink_data
[0.875s] running develop
[0.877s] /usr/lib/python3/dist-packages/setuptools/command/easy_install.py:158: EasyInstallDeprecationWarning: easy_install command is deprecated. Use build and pip and other standards-based tools.
[0.877s]   warnings.warn(
[1.006s] running egg_info
[1.006s] creating r2workshop.egg-info
[1.007s] writing r2workshop.egg-info/PKG-INFO
[1.007s] writing dependency_links to r2workshop.egg-info/dependency_links.txt
[1.008s] writing entry points to r2workshop.egg-info/entry_points.txt
[1.008s] writing requirements to r2workshop.egg-info/requires.txt
[1.008s] writing top-level names to r2workshop.egg-info/top_level.txt
[1.008s] writing manifest file 'r2workshop.egg-info/SOURCES.txt'
[1.010s] reading manifest file 'r2workshop.egg-info/SOURCES.txt'
[1.010s] writing manifest file 'r2workshop.egg-info/SOURCES.txt'
[1.013s] running build_ext
[1.013s] Creating /home/aaditya/Intro-to-robotics/publisher_assigmt/ros2_ws/install/r2workshop/lib/python3.10/site-packages/r2workshop.egg-link (link to .)
[1.015s] 
[1.015s] Installed /home/aaditya/Intro-to-robotics/publisher_assigmt/ros2_ws/build/r2workshop
[1.015s] running symlink_data
[1.015s] creating /home/aaditya/Intro-to-robotics/publisher_assigmt/ros2_ws/install/r2workshop/share/ament_index
[1.016s] creating /home/aaditya/Intro-to-robotics/publisher_assigmt/ros2_ws/install/r2workshop/share/ament_index/resource_index
[1.017s] creating /home/aaditya/Intro-to-robotics/publisher_assigmt/ros2_ws/install/r2workshop/share/ament_index/resource_index/packages
[1.018s] symbolically linking /home/aaditya/Intro-to-robotics/publisher_assigmt/ros2_ws/build/r2workshop/resource/r2workshop -> /home/aaditya/Intro-to-robotics/publisher_assigmt/ros2_ws/install/r2workshop/share/ament_index/resource_index/packages
[1.018s] symbolically linking /home/aaditya/Intro-to-robotics/publisher_assigmt/ros2_ws/build/r2workshop/package.xml -> /home/aaditya/Intro-to-robotics/publisher_assigmt/ros2_ws/install/r2workshop/share/r2workshop
[1.047s] Invoked command in '/home/aaditya/Intro-to-robotics/publisher_assigmt/ros2_ws/build/r2workshop' returned '0': PYTHONPATH=/home/aaditya/Intro-to-robotics/publisher_assigmt/ros2_ws/build/r2workshop/prefix_override:/usr/lib/python3/dist-packages/colcon_core/task/python/colcon_distutils_commands:/home/aaditya/Intro-to-robotics/publisher_assigmt/ros2_ws/install/r2workshop/lib/python3.10/site-packages:${PYTHONPATH} /usr/bin/python3 -W ignore:setup.py install is deprecated setup.py develop --editable --build-directory /home/aaditya/Intro-to-robotics/publisher_assigmt/ros2_ws/build/r2workshop/build --no-deps symlink_data
