[0.125s] DEBUG:colcon:Command line arguments: ['/usr/bin/colcon', 'build', '--symlink-install']
[0.125s] DEBUG:colcon:Parsed command line arguments: Namespace(log_base=None, log_level=None, verb_name='build', build_base='build', install_base='install', merge_install=False, symlink_install=True, test_result_base=None, continue_on_error=False, executor='parallel', parallel_workers=8, event_handlers=None, ignore_user_meta=False, metas=['./colcon.meta'], base_paths=['.'], packages_ignore=None, packages_ignore_regex=None, paths=None, packages_up_to=None, packages_up_to_regex=None, packages_above=None, packages_above_and_dependencies=None, packages_above_depth=None, packages_select_by_dep=None, packages_skip_by_dep=None, packages_skip_up_to=None, packages_select_build_failed=False, packages_skip_build_finished=False, packages_select_test_failures=False, packages_skip_test_passed=False, packages_select=None, packages_skip=None, packages_select_regex=None, packages_skip_regex=None, packages_start=None, packages_end=None, allow_overriding=[], cmake_args=None, cmake_target=None, cmake_target_skip_unavailable=False, cmake_clean_cache=False, cmake_clean_first=False, cmake_force_configure=False, ament_cmake_args=None, catkin_cmake_args=None, catkin_skip_building_tests=False, verb_parser=<colcon_defaults.argument_parser.defaults.DefaultArgumentsDecorator object at 0x7f851023be20>, verb_extension=<colcon_core.verb.build.BuildVerb object at 0x7f851045c370>, main=<bound method BuildVerb.main of <colcon_core.verb.build.BuildVerb object at 0x7f851045c370>>)
[0.225s] Level 1:colcon.colcon_core.package_discovery:discover_packages(colcon_meta) check parameters
[0.225s] Level 1:colcon.colcon_core.package_discovery:discover_packages(recursive) check parameters
[0.225s] Level 1:colcon.colcon_core.package_discovery:discover_packages(ignore) check parameters
[0.225s] Level 1:colcon.colcon_core.package_discovery:discover_packages(path) check parameters
[0.225s] Level 1:colcon.colcon_core.package_discovery:discover_packages(colcon_meta) discover
[0.225s] Level 1:colcon.colcon_core.package_discovery:discover_packages(recursive) discover
[0.225s] INFO:colcon.colcon_core.package_discovery:Crawling recursively for packages in '/home/aaditya/Intro-to-robotics/ass3/ros2_ws_2'
[0.225s] Level 1:colcon.colcon_core.package_identification:_identify(.) by extensions ['ignore', 'ignore_ament_install']
[0.225s] Level 1:colcon.colcon_core.package_identification:_identify(.) by extension 'ignore'
[0.225s] Level 1:colcon.colcon_core.package_identification:_identify(.) by extension 'ignore_ament_install'
[0.225s] Level 1:colcon.colcon_core.package_identification:_identify(.) by extensions ['colcon_pkg']
[0.225s] Level 1:colcon.colcon_core.package_identification:_identify(.) by extension 'colcon_pkg'
[0.225s] Level 1:colcon.colcon_core.package_identification:_identify(.) by extensions ['colcon_meta']
[0.225s] Level 1:colcon.colcon_core.package_identification:_identify(.) by extension 'colcon_meta'
[0.226s] Level 1:colcon.colcon_core.package_identification:_identify(.) by extensions ['ros']
[0.226s] Level 1:colcon.colcon_core.package_identification:_identify(.) by extension 'ros'
[0.234s] Level 1:colcon.colcon_core.package_identification:_identify(.) by extensions ['cmake', 'python']
[0.234s] Level 1:colcon.colcon_core.package_identification:_identify(.) by extension 'cmake'
[0.234s] Level 1:colcon.colcon_core.package_identification:_identify(.) by extension 'python'
[0.234s] Level 1:colcon.colcon_core.package_identification:_identify(.) by extensions ['python_setup_py']
[0.234s] Level 1:colcon.colcon_core.package_identification:_identify(.) by extension 'python_setup_py'
[0.234s] Level 1:colcon.colcon_core.package_identification:_identify(build) by extensions ['ignore', 'ignore_ament_install']
[0.235s] Level 1:colcon.colcon_core.package_identification:_identify(build) by extension 'ignore'
[0.235s] Level 1:colcon.colcon_core.package_identification:_identify(build) ignored
[0.235s] Level 1:colcon.colcon_core.package_identification:_identify(install) by extensions ['ignore', 'ignore_ament_install']
[0.235s] Level 1:colcon.colcon_core.package_identification:_identify(install) by extension 'ignore'
[0.235s] Level 1:colcon.colcon_core.package_identification:_identify(install) ignored
[0.235s] Level 1:colcon.colcon_core.package_identification:_identify(log) by extensions ['ignore', 'ignore_ament_install']
[0.235s] Level 1:colcon.colcon_core.package_identification:_identify(log) by extension 'ignore'
[0.235s] Level 1:colcon.colcon_core.package_identification:_identify(log) ignored
[0.235s] Level 1:colcon.colcon_core.package_identification:_identify(scr) by extensions ['ignore', 'ignore_ament_install']
[0.235s] Level 1:colcon.colcon_core.package_identification:_identify(scr) by extension 'ignore'
[0.235s] Level 1:colcon.colcon_core.package_identification:_identify(scr) by extension 'ignore_ament_install'
[0.235s] Level 1:colcon.colcon_core.package_identification:_identify(scr) by extensions ['colcon_pkg']
[0.235s] Level 1:colcon.colcon_core.package_identification:_identify(scr) by extension 'colcon_pkg'
[0.235s] Level 1:colcon.colcon_core.package_identification:_identify(scr) by extensions ['colcon_meta']
[0.235s] Level 1:colcon.colcon_core.package_identification:_identify(scr) by extension 'colcon_meta'
[0.235s] Level 1:colcon.colcon_core.package_identification:_identify(scr) by extensions ['ros']
[0.235s] Level 1:colcon.colcon_core.package_identification:_identify(scr) by extension 'ros'
[0.235s] Level 1:colcon.colcon_core.package_identification:_identify(scr) by extensions ['cmake', 'python']
[0.235s] Level 1:colcon.colcon_core.package_identification:_identify(scr) by extension 'cmake'
[0.235s] Level 1:colcon.colcon_core.package_identification:_identify(scr) by extension 'python'
[0.235s] Level 1:colcon.colcon_core.package_identification:_identify(scr) by extensions ['python_setup_py']
[0.235s] Level 1:colcon.colcon_core.package_identification:_identify(scr) by extension 'python_setup_py'
[0.235s] Level 1:colcon.colcon_core.package_identification:_identify(scr/owl) by extensions ['ignore', 'ignore_ament_install']
[0.235s] Level 1:colcon.colcon_core.package_identification:_identify(scr/owl) by extension 'ignore'
[0.235s] Level 1:colcon.colcon_core.package_identification:_identify(scr/owl) by extension 'ignore_ament_install'
[0.235s] Level 1:colcon.colcon_core.package_identification:_identify(scr/owl) by extensions ['colcon_pkg']
[0.235s] Level 1:colcon.colcon_core.package_identification:_identify(scr/owl) by extension 'colcon_pkg'
[0.236s] Level 1:colcon.colcon_core.package_identification:_identify(scr/owl) by extensions ['colcon_meta']
[0.236s] Level 1:colcon.colcon_core.package_identification:_identify(scr/owl) by extension 'colcon_meta'
[0.236s] Level 1:colcon.colcon_core.package_identification:_identify(scr/owl) by extensions ['ros']
[0.236s] Level 1:colcon.colcon_core.package_identification:_identify(scr/owl) by extension 'ros'
[0.237s] DEBUG:colcon.colcon_core.package_identification:Package 'scr/owl' with type 'ros.ament_python' and name 'owl'
[0.237s] Level 1:colcon.colcon_core.package_discovery:discover_packages(recursive) using defaults
[0.237s] Level 1:colcon.colcon_core.package_discovery:discover_packages(ignore) discover
[0.237s] Level 1:colcon.colcon_core.package_discovery:discover_packages(ignore) using defaults
[0.237s] Level 1:colcon.colcon_core.package_discovery:discover_packages(path) discover
[0.237s] Level 1:colcon.colcon_core.package_discovery:discover_packages(path) using defaults
[0.253s] Level 1:colcon.colcon_core.package_discovery:discover_packages(prefix_path) check parameters
[0.253s] Level 1:colcon.colcon_core.package_discovery:discover_packages(prefix_path) discover
[0.253s] WARNING:colcon.colcon_ros.prefix_path.ament:The path '/home/aaditya/Intro-to-robotics/ass3/ros2_ws_2/install/owl' in the environment variable AMENT_PREFIX_PATH doesn't exist
[0.254s] DEBUG:colcon.colcon_installed_package_information.package_discovery:Found 0 installed packages in /home/aaditya/Intro-to-robotics/ass3/ros2_ws_2/install
[0.254s] DEBUG:colcon.colcon_installed_package_information.package_discovery:Found 1 installed packages in /home/aaditya/Intro-to-robotics/ass1/ros2_ws/install
[0.254s] DEBUG:colcon.colcon_installed_package_information.package_discovery:Found 1 installed packages in /home/aaditya/ros2_ws/install
[0.255s] DEBUG:colcon.colcon_installed_package_information.package_discovery:Found 280 installed packages in /opt/ros/humble
[0.256s] Level 1:colcon.colcon_core.package_discovery:discover_packages(prefix_path) using defaults
[0.297s] Level 5:colcon.colcon_core.verb:set package 'owl' build argument 'cmake_args' from command line to 'None'
[0.297s] Level 5:colcon.colcon_core.verb:set package 'owl' build argument 'cmake_target' from command line to 'None'
[0.297s] Level 5:colcon.colcon_core.verb:set package 'owl' build argument 'cmake_target_skip_unavailable' from command line to 'False'
[0.297s] Level 5:colcon.colcon_core.verb:set package 'owl' build argument 'cmake_clean_cache' from command line to 'False'
[0.297s] Level 5:colcon.colcon_core.verb:set package 'owl' build argument 'cmake_clean_first' from command line to 'False'
[0.297s] Level 5:colcon.colcon_core.verb:set package 'owl' build argument 'cmake_force_configure' from command line to 'False'
[0.297s] Level 5:colcon.colcon_core.verb:set package 'owl' build argument 'ament_cmake_args' from command line to 'None'
[0.297s] Level 5:colcon.colcon_core.verb:set package 'owl' build argument 'catkin_cmake_args' from command line to 'None'
[0.297s] Level 5:colcon.colcon_core.verb:set package 'owl' build argument 'catkin_skip_building_tests' from command line to 'False'
[0.297s] DEBUG:colcon.colcon_core.verb:Building package 'owl' with the following arguments: {'ament_cmake_args': None, 'build_base': '/home/aaditya/Intro-to-robotics/ass3/ros2_ws_2/build/owl', 'catkin_cmake_args': None, 'catkin_skip_building_tests': False, 'cmake_args': None, 'cmake_clean_cache': False, 'cmake_clean_first': False, 'cmake_force_configure': False, 'cmake_target': None, 'cmake_target_skip_unavailable': False, 'install_base': '/home/aaditya/Intro-to-robotics/ass3/ros2_ws_2/install/owl', 'merge_install': False, 'path': '/home/aaditya/Intro-to-robotics/ass3/ros2_ws_2/scr/owl', 'symlink_install': True, 'test_result_base': None}
[0.297s] INFO:colcon.colcon_core.executor:Executing jobs using 'parallel' executor
[0.298s] DEBUG:colcon.colcon_parallel_executor.executor.parallel:run_until_complete
[0.299s] INFO:colcon.colcon_ros.task.ament_python.build:Building ROS package in '/home/aaditya/Intro-to-robotics/ass3/ros2_ws_2/scr/owl' with build type 'ament_python'
[0.299s] Level 1:colcon.colcon_core.shell:create_environment_hook('owl', 'ament_prefix_path')
[0.301s] INFO:colcon.colcon_core.plugin_system:Skipping extension 'colcon_core.shell.bat': Not used on non-Windows systems
[0.301s] INFO:colcon.colcon_core.shell:Creating environment hook '/home/aaditya/Intro-to-robotics/ass3/ros2_ws_2/install/owl/share/owl/hook/ament_prefix_path.ps1'
[0.302s] INFO:colcon.colcon_core.shell:Creating environment descriptor '/home/aaditya/Intro-to-robotics/ass3/ros2_ws_2/install/owl/share/owl/hook/ament_prefix_path.dsv'
[0.302s] INFO:colcon.colcon_core.shell:Creating environment hook '/home/aaditya/Intro-to-robotics/ass3/ros2_ws_2/install/owl/share/owl/hook/ament_prefix_path.sh'
[0.303s] INFO:colcon.colcon_core.shell:Skip shell extension 'powershell' for command environment: Not usable outside of PowerShell
[0.303s] DEBUG:colcon.colcon_core.shell:Skip shell extension 'dsv' for command environment
[0.478s] INFO:colcon.colcon_core.task.python.build:Building Python package in '/home/aaditya/Intro-to-robotics/ass3/ros2_ws_2/scr/owl'
[0.479s] INFO:colcon.colcon_core.shell:Skip shell extension 'powershell' for command environment: Not usable outside of PowerShell
[0.479s] DEBUG:colcon.colcon_core.shell:Skip shell extension 'dsv' for command environment
[0.717s] DEBUG:colcon.colcon_core.event_handler.log_command:Invoking command in '/home/aaditya/Intro-to-robotics/ass3/ros2_ws_2/build/owl': PYTHONPATH=/home/aaditya/Intro-to-robotics/ass3/ros2_ws_2/build/owl/prefix_override:/usr/lib/python3/dist-packages/colcon_core/task/python/colcon_distutils_commands:/home/aaditya/Intro-to-robotics/ass3/ros2_ws_2/install/owl/lib/python3.10/site-packages:${PYTHONPATH} /usr/bin/python3 -W ignore:setup.py install is deprecated setup.py develop --editable --build-directory /home/aaditya/Intro-to-robotics/ass3/ros2_ws_2/build/owl/build --no-deps symlink_data
[1.015s] Level 1:colcon.colcon_core.shell:create_environment_hook('owl', 'pythonpath_develop')
[1.015s] INFO:colcon.colcon_core.shell:Creating environment hook '/home/aaditya/Intro-to-robotics/ass3/ros2_ws_2/build/owl/share/owl/hook/pythonpath_develop.ps1'
[1.016s] DEBUG:colcon.colcon_core.event_handler.log_command:Invoked command in '/home/aaditya/Intro-to-robotics/ass3/ros2_ws_2/build/owl' returned '0': PYTHONPATH=/home/aaditya/Intro-to-robotics/ass3/ros2_ws_2/build/owl/prefix_override:/usr/lib/python3/dist-packages/colcon_core/task/python/colcon_distutils_commands:/home/aaditya/Intro-to-robotics/ass3/ros2_ws_2/install/owl/lib/python3.10/site-packages:${PYTHONPATH} /usr/bin/python3 -W ignore:setup.py install is deprecated setup.py develop --editable --build-directory /home/aaditya/Intro-to-robotics/ass3/ros2_ws_2/build/owl/build --no-deps symlink_data
[1.016s] INFO:colcon.colcon_core.shell:Creating environment descriptor '/home/aaditya/Intro-to-robotics/ass3/ros2_ws_2/build/owl/share/owl/hook/pythonpath_develop.dsv'
[1.016s] INFO:colcon.colcon_core.shell:Creating environment hook '/home/aaditya/Intro-to-robotics/ass3/ros2_ws_2/build/owl/share/owl/hook/pythonpath_develop.sh'
[1.018s] Level 1:colcon.colcon_core.environment:checking '/home/aaditya/Intro-to-robotics/ass3/ros2_ws_2/install/owl' for CMake module files
[1.018s] Level 1:colcon.colcon_core.environment:checking '/home/aaditya/Intro-to-robotics/ass3/ros2_ws_2/install/owl' for CMake config files
[1.019s] Level 1:colcon.colcon_core.environment:checking '/home/aaditya/Intro-to-robotics/ass3/ros2_ws_2/install/owl/lib'
[1.019s] Level 1:colcon.colcon_core.environment:checking '/home/aaditya/Intro-to-robotics/ass3/ros2_ws_2/install/owl/bin'
[1.019s] Level 1:colcon.colcon_core.environment:checking '/home/aaditya/Intro-to-robotics/ass3/ros2_ws_2/install/owl/lib/pkgconfig/owl.pc'
[1.019s] Level 1:colcon.colcon_core.environment:checking '/home/aaditya/Intro-to-robotics/ass3/ros2_ws_2/install/owl/lib/python3.10/site-packages'
[1.019s] Level 1:colcon.colcon_core.shell:create_environment_hook('owl', 'pythonpath')
[1.019s] INFO:colcon.colcon_core.shell:Creating environment hook '/home/aaditya/Intro-to-robotics/ass3/ros2_ws_2/install/owl/share/owl/hook/pythonpath.ps1'
[1.020s] INFO:colcon.colcon_core.shell:Creating environment descriptor '/home/aaditya/Intro-to-robotics/ass3/ros2_ws_2/install/owl/share/owl/hook/pythonpath.dsv'
[1.020s] INFO:colcon.colcon_core.shell:Creating environment hook '/home/aaditya/Intro-to-robotics/ass3/ros2_ws_2/install/owl/share/owl/hook/pythonpath.sh'
[1.020s] Level 1:colcon.colcon_core.environment:checking '/home/aaditya/Intro-to-robotics/ass3/ros2_ws_2/install/owl/bin'
[1.020s] Level 1:colcon.colcon_core.environment:create_environment_scripts_only(owl)
[1.021s] INFO:colcon.colcon_core.shell:Creating package script '/home/aaditya/Intro-to-robotics/ass3/ros2_ws_2/install/owl/share/owl/package.ps1'
[1.021s] INFO:colcon.colcon_core.shell:Creating package descriptor '/home/aaditya/Intro-to-robotics/ass3/ros2_ws_2/install/owl/share/owl/package.dsv'
[1.022s] INFO:colcon.colcon_core.shell:Creating package script '/home/aaditya/Intro-to-robotics/ass3/ros2_ws_2/install/owl/share/owl/package.sh'
[1.022s] INFO:colcon.colcon_core.shell:Creating package script '/home/aaditya/Intro-to-robotics/ass3/ros2_ws_2/install/owl/share/owl/package.bash'
[1.023s] INFO:colcon.colcon_core.shell:Creating package script '/home/aaditya/Intro-to-robotics/ass3/ros2_ws_2/install/owl/share/owl/package.zsh'
[1.023s] Level 1:colcon.colcon_core.environment:create_file_with_runtime_dependencies(/home/aaditya/Intro-to-robotics/ass3/ros2_ws_2/install/owl/share/colcon-core/packages/owl)
[1.025s] DEBUG:colcon.colcon_parallel_executor.executor.parallel:closing loop
[1.025s] DEBUG:colcon.colcon_parallel_executor.executor.parallel:loop closed
[1.026s] DEBUG:colcon.colcon_parallel_executor.executor.parallel:run_until_complete finished with '0'
[1.026s] DEBUG:colcon.colcon_core.event_reactor:joining thread
[1.053s] INFO:colcon.colcon_core.plugin_system:Skipping extension 'colcon_notification.desktop_notification.notify_send': Could not find 'notify-send'
[1.053s] INFO:colcon.colcon_core.plugin_system:Skipping extension 'colcon_notification.desktop_notification.terminal_notifier': Not used on non-Darwin systems
[1.053s] INFO:colcon.colcon_core.plugin_system:Skipping extension 'colcon_notification.desktop_notification.win32': Not used on non-Windows systems
[1.053s] INFO:colcon.colcon_notification.desktop_notification:Sending desktop notification using 'notify2'
[1.054s] DEBUG:colcon.colcon_notification.desktop_notification.notify2:Failed to initialize notify2: org.freedesktop.DBus.Error.ServiceUnknown: The name org.freedesktop.Notifications was not provided by any .service files
[1.054s] DEBUG:colcon.colcon_core.event_reactor:joined thread
[1.054s] INFO:colcon.colcon_core.shell:Creating prefix script '/home/aaditya/Intro-to-robotics/ass3/ros2_ws_2/install/local_setup.ps1'
[1.056s] INFO:colcon.colcon_core.shell:Creating prefix util module '/home/aaditya/Intro-to-robotics/ass3/ros2_ws_2/install/_local_setup_util_ps1.py'
[1.057s] INFO:colcon.colcon_core.shell:Creating prefix chain script '/home/aaditya/Intro-to-robotics/ass3/ros2_ws_2/install/setup.ps1'
[1.058s] INFO:colcon.colcon_core.shell:Creating prefix script '/home/aaditya/Intro-to-robotics/ass3/ros2_ws_2/install/local_setup.sh'
[1.059s] INFO:colcon.colcon_core.shell:Creating prefix util module '/home/aaditya/Intro-to-robotics/ass3/ros2_ws_2/install/_local_setup_util_sh.py'
[1.059s] INFO:colcon.colcon_core.shell:Creating prefix chain script '/home/aaditya/Intro-to-robotics/ass3/ros2_ws_2/install/setup.sh'
[1.060s] INFO:colcon.colcon_core.shell:Creating prefix script '/home/aaditya/Intro-to-robotics/ass3/ros2_ws_2/install/local_setup.bash'
[1.061s] INFO:colcon.colcon_core.shell:Creating prefix chain script '/home/aaditya/Intro-to-robotics/ass3/ros2_ws_2/install/setup.bash'
[1.063s] INFO:colcon.colcon_core.shell:Creating prefix script '/home/aaditya/Intro-to-robotics/ass3/ros2_ws_2/install/local_setup.zsh'
[1.064s] INFO:colcon.colcon_core.shell:Creating prefix chain script '/home/aaditya/Intro-to-robotics/ass3/ros2_ws_2/install/setup.zsh'
